# JRE version: OpenJDK Runtime Environment (8.0_302-b08) (build 1.8.0_302-b08)
# Java VM: OpenJDK 64-Bit Server VM (25.302-b08 mixed mode windows-amd64 compressed oops)
Heap:
 PSYoungGen      total 282112K, used 214781K [0x00000000d5580000, 0x00000000e8400000, 0x0000000100000000)
  eden space 261632K, 79% used [0x00000000d5580000,0x00000000e1f66460,0x00000000e5500000)
  from space 20480K, 39% used [0x00000000e7000000,0x00000000e77d9158,0x00000000e8400000)
  to   space 23552K, 0% used [0x00000000e5600000,0x00000000e5600000,0x00000000e6d00000)
 ParOldGen       total 71680K, used 53653K [0x0000000080000000, 0x0000000084600000, 0x00000000d5580000)
  object space 71680K, 74% used [0x0000000080000000,0x0000000083465618,0x0000000084600000)
 Metaspace       used 81983K, capacity 85374K, committed 85632K, reserved 1124352K
  class space    used 10919K, capacity 11558K, committed 11648K, reserved 1048576K
GC Heap History (10 events):
Event: 27.712 GC heap before
{Heap before GC invocations=13 (full 2):
 PSYoungGen      total 230400K, used 205587K [0x00000000d5580000, 0x00000000e5900000, 0x0000000100000000)
  eden space 218112K, 89% used [0x00000000d5580000,0x00000000e1336c10,0x00000000e2a80000)
  from space 12288K, 92% used [0x00000000e3800000,0x00000000e430e088,0x00000000e4400000)
  to   space 13824K, 0% used [0x00000000e2a80000,0x00000000e2a80000,0x00000000e3800000)
 ParOldGen       total 71680K, used 16792K [0x0000000080000000, 0x0000000084600000, 0x00000000d5580000)
  object space 71680K, 23% used [0x0000000080000000,0x00000000810661b8,0x0000000084600000)
 Metaspace       used 56843K, capacity 59026K, committed 59160K, reserved 1099776K
  class space    used 7866K, capacity 8306K, committed 8320K, reserved 1048576K
Event: 27.795 GC heap after
Heap after GC invocations=13 (full 2):
 PSYoungGen      total 231936K, used 13796K [0x00000000d5580000, 0x00000000e8400000, 0x0000000100000000)
  eden space 218112K, 0% used [0x00000000d5580000,0x00000000d5580000,0x00000000e2a80000)
  from space 13824K, 99% used [0x00000000e2a80000,0x00000000e37f9320,0x00000000e3800000)
  to   space 20480K, 0% used [0x00000000e7000000,0x00000000e7000000,0x00000000e8400000)
 ParOldGen       total 71680K, used 30205K [0x0000000080000000, 0x0000000084600000, 0x00000000d5580000)
  object space 71680K, 42% used [0x0000000080000000,0x0000000081d7f438,0x0000000084600000)
 Metaspace       used 56843K, capacity 59026K, committed 59160K, reserved 1099776K
  class space    used 7866K, capacity 8306K, committed 8320K, reserved 1048576K
}
Event: 27.795 GC heap before
{Heap before GC invocations=14 (full 3):
 PSYoungGen      total 231936K, used 13796K [0x00000000d5580000, 0x00000000e8400000, 0x0000000100000000)
  eden space 218112K, 0% used [0x00000000d5580000,0x00000000d5580000,0x00000000e2a80000)
  from space 13824K, 99% used [0x00000000e2a80000,0x00000000e37f9320,0x00000000e3800000)
  to   space 20480K, 0% used [0x00000000e7000000,0x00000000e7000000,0x00000000e8400000)
 ParOldGen       total 71680K, used 30205K [0x0000000080000000, 0x0000000084600000, 0x00000000d5580000)
  object space 71680K, 42% used [0x0000000080000000,0x0000000081d7f438,0x0000000084600000)
 Metaspace       used 56843K, capacity 59026K, committed 59160K, reserved 1099776K
  class space    used 7866K, capacity 8306K, committed 8320K, reserved 1048576K
Event: 28.298 GC heap after
Heap after GC invocations=14 (full 3):
 PSYoungGen      total 231936K, used 0K [0x00000000d5580000, 0x00000000e8400000, 0x0000000100000000)
  eden space 218112K, 0% used [0x00000000d5580000,0x00000000d5580000,0x00000000e2a80000)
  from space 13824K, 0% used [0x00000000e2a80000,0x00000000e2a80000,0x00000000e3800000)
  to   space 20480K, 0% used [0x00000000e7000000,0x00000000e7000000,0x00000000e8400000)
 ParOldGen       total 71680K, used 40296K [0x0000000080000000, 0x0000000084600000, 0x00000000d5580000)
  object space 71680K, 56% used [0x0000000080000000,0x000000008275a220,0x0000000084600000)
 Metaspace       used 56843K, capacity 59026K, committed 59160K, reserved 1099776K
  class space    used 7866K, capacity 8306K, committed 8320K, reserved 1048576K
}
Event: 40.896 GC heap before
{Heap before GC invocations=15 (full 3):
 PSYoungGen      total 231936K, used 218112K [0x00000000d5580000, 0x00000000e8400000, 0x0000000100000000)
  eden space 218112K, 100% used [0x00000000d5580000,0x00000000e2a80000,0x00000000e2a80000)
  from space 13824K, 0% used [0x00000000e2a80000,0x00000000e2a80000,0x00000000e3800000)
  to   space 20480K, 0% used [0x00000000e7000000,0x00000000e7000000,0x00000000e8400000)
 ParOldGen       total 71680K, used 40296K [0x0000000080000000, 0x0000000084600000, 0x00000000d5580000)
  object space 71680K, 56% used [0x0000000080000000,0x000000008275a220,0x0000000084600000)
 Metaspace       used 70068K, capacity 73002K, committed 73088K, reserved 1112064K
  class space    used 9782K, capacity 10334K, committed 10368K, reserved 1048576K
Event: 41.024 GC heap after
Heap after GC invocations=15 (full 3):
 PSYoungGen      total 282112K, used 20449K [0x00000000d5580000, 0x00000000e8400000, 0x0000000100000000)
  eden space 261632K, 0% used [0x00000000d5580000,0x00000000d5580000,0x00000000e5500000)
  from space 20480K, 99% used [0x00000000e7000000,0x00000000e83f8698,0x00000000e8400000)
  to   space 23552K, 0% used [0x00000000e5600000,0x00000000e5600000,0x00000000e6d00000)
 ParOldGen       total 71680K, used 40740K [0x0000000080000000, 0x0000000084600000, 0x00000000d5580000)
  object space 71680K, 56% used [0x0000000080000000,0x00000000827c91a0,0x0000000084600000)
 Metaspace       used 70068K, capacity 73002K, committed 73088K, reserved 1112064K
  class space    used 9782K, capacity 10334K, committed 10368K, reserved 1048576K
}
Event: 48.973 GC heap before
{Heap before GC invocations=16 (full 3):
 PSYoungGen      total 282112K, used 282081K [0x00000000d5580000, 0x00000000e8400000, 0x0000000100000000)
  eden space 261632K, 100% used [0x00000000d5580000,0x00000000e5500000,0x00000000e5500000)
  from space 20480K, 99% used [0x00000000e7000000,0x00000000e83f8698,0x00000000e8400000)
  to   space 23552K, 0% used [0x00000000e5600000,0x00000000e5600000,0x00000000e6d00000)
 ParOldGen       total 71680K, used 40740K [0x0000000080000000, 0x0000000084600000, 0x00000000d5580000)
  object space 71680K, 56% used [0x0000000080000000,0x00000000827c91a0,0x0000000084600000)
 Metaspace       used 71853K, capacity 74878K, committed 75008K, reserved 1114112K
  class space    used 9933K, capacity 10480K, committed 10496K, reserved 1048576K
Event: 49.127 GC heap after
Heap after GC invocations=16 (full 3):
 PSYoungGen      total 285184K, used 23531K [0x00000000d5580000, 0x00000000e8400000, 0x0000000100000000)
  eden space 261632K, 0% used [0x00000000d5580000,0x00000000d5580000,0x00000000e5500000)
  from space 23552K, 99% used [0x00000000e5600000,0x00000000e6cfac98,0x00000000e6d00000)
  to   space 20480K, 0% used [0x00000000e7000000,0x00000000e7000000,0x00000000e8400000)
 ParOldGen       total 71680K, used 52918K [0x0000000080000000, 0x0000000084600000, 0x00000000d5580000)
  object space 71680K, 73% used [0x0000000080000000,0x00000000833ad8b0,0x0000000084600000)
 Metaspace       used 71853K, capacity 74878K, committed 75008K, reserved 1114112K
  class space    used 9933K, capacity 10480K, committed 10496K, reserved 1048576K
}
Event: 65.975 GC heap before
{Heap before GC invocations=17 (full 3):
 PSYoungGen      total 285184K, used 285163K [0x00000000d5580000, 0x00000000e8400000, 0x0000000100000000)
  eden space 261632K, 100% used [0x00000000d5580000,0x00000000e5500000,0x00000000e5500000)
  from space 23552K, 99% used [0x00000000e5600000,0x00000000e6cfac98,0x00000000e6d00000)
  to   space 20480K, 0% used [0x00000000e7000000,0x00000000e7000000,0x00000000e8400000)
 ParOldGen       total 71680K, used 52918K [0x0000000080000000, 0x0000000084600000, 0x00000000d5580000)
  object space 71680K, 73% used [0x0000000080000000,0x00000000833ad8b0,0x0000000084600000)
 Metaspace       used 78854K, capacity 82066K, committed 82176K, reserved 1120256K
  class space    used 10609K, capacity 11194K, committed 11264K, reserved 1048576K
Event: 66.010 GC heap after
Heap after GC invocations=17 (full 3):
 PSYoungGen      total 282112K, used 8036K [0x00000000d5580000, 0x00000000e8400000, 0x0000000100000000)
  eden space 261632K, 0% used [0x00000000d5580000,0x00000000d5580000,0x00000000e5500000)
  from space 20480K, 39% used [0x00000000e7000000,0x00000000e77d9158,0x00000000e8400000)
  to   space 23552K, 0% used [0x00000000e5600000,0x00000000e5600000,0x00000000e6d00000)
 ParOldGen       total 71680K, used 53653K [0x0000000080000000, 0x0000000084600000, 0x00000000d5580000)
  object space 71680K, 74% used [0x0000000080000000,0x0000000083465618,0x0000000084600000)
 Metaspace       used 78854K, capacity 82066K, committed 82176K, reserved 1120256K
  class space    used 10609K, capacity 11194K, committed 11264K, reserved 1048576K
}

