# JRE version: OpenJDK Runtime Environment (8.0_302-b08) (build 1.8.0_302-b08)
# Java VM: OpenJDK 64-Bit Server VM (25.302-b08 mixed mode windows-amd64 compressed oops)
Heap:
 PSYoungGen      total 218624K, used 205299K [0x00000000d5580000, 0x00000000e6e00000, 0x0000000100000000)
  eden space 199680K, 93% used [0x00000000d5580000,0x00000000e0be8ff0,0x00000000e1880000)
  from space 18944K, 97% used [0x00000000e1880000,0x00000000e2a93cb0,0x00000000e2b00000)
  to   space 21504K, 0% used [0x00000000e5900000,0x00000000e5900000,0x00000000e6e00000)
 ParOldGen       total 111104K, used 44220K [0x0000000080000000, 0x0000000086c80000, 0x00000000d5580000)
  object space 111104K, 39% used [0x0000000080000000,0x0000000082b2f298,0x0000000086c80000)
 Metaspace       used 73315K, capacity 76430K, committed 76672K, reserved 1116160K
  class space    used 10047K, capacity 10594K, committed 10624K, reserved 1048576K
GC Heap History (10 events):
Event: 28.607 GC heap before
{Heap before GC invocations=14 (full 2):
 PSYoungGen      total 148480K, used 144298K [0x00000000d5580000, 0x00000000e1280000, 0x0000000100000000)
  eden space 136704K, 100% used [0x00000000d5580000,0x00000000ddb00000,0x00000000ddb00000)
  from space 11776K, 64% used [0x00000000ddb00000,0x00000000de26aa10,0x00000000de680000)
  to   space 11776K, 0% used [0x00000000e0700000,0x00000000e0700000,0x00000000e1280000)
 ParOldGen       total 69120K, used 16801K [0x0000000080000000, 0x0000000084380000, 0x00000000d5580000)
  object space 69120K, 24% used [0x0000000080000000,0x0000000081068748,0x0000000084380000)
 Metaspace       used 51951K, capacity 54028K, committed 54144K, reserved 1095680K
  class space    used 7100K, capacity 7541K, committed 7552K, reserved 1048576K
Event: 28.673 GC heap after
Heap after GC invocations=14 (full 2):
 PSYoungGen      total 177152K, used 11762K [0x00000000d5580000, 0x00000000e1900000, 0x0000000100000000)
  eden space 165376K, 0% used [0x00000000d5580000,0x00000000d5580000,0x00000000df700000)
  from space 11776K, 99% used [0x00000000e0700000,0x00000000e127cad0,0x00000000e1280000)
  to   space 16384K, 0% used [0x00000000df700000,0x00000000df700000,0x00000000e0700000)
 ParOldGen       total 69120K, used 25067K [0x0000000080000000, 0x0000000084380000, 0x00000000d5580000)
  object space 69120K, 36% used [0x0000000080000000,0x000000008187ad10,0x0000000084380000)
 Metaspace       used 51951K, capacity 54028K, committed 54144K, reserved 1095680K
  class space    used 7100K, capacity 7541K, committed 7552K, reserved 1048576K
}
Event: 31.614 GC heap before
{Heap before GC invocations=15 (full 2):
 PSYoungGen      total 177152K, used 96547K [0x00000000d5580000, 0x00000000e1900000, 0x0000000100000000)
  eden space 165376K, 51% used [0x00000000d5580000,0x00000000da84c400,0x00000000df700000)
  from space 11776K, 99% used [0x00000000e0700000,0x00000000e127cad0,0x00000000e1280000)
  to   space 16384K, 0% used [0x00000000df700000,0x00000000df700000,0x00000000e0700000)
 ParOldGen       total 69120K, used 25067K [0x0000000080000000, 0x0000000084380000, 0x00000000d5580000)
  object space 69120K, 36% used [0x0000000080000000,0x000000008187ad10,0x0000000084380000)
 Metaspace       used 56846K, capacity 59026K, committed 59160K, reserved 1099776K
  class space    used 7867K, capacity 8306K, committed 8320K, reserved 1048576K
Event: 31.685 GC heap after
Heap after GC invocations=15 (full 2):
 PSYoungGen      total 181760K, used 10382K [0x00000000d5580000, 0x00000000e3d00000, 0x0000000100000000)
  eden space 165376K, 0% used [0x00000000d5580000,0x00000000d5580000,0x00000000df700000)
  from space 16384K, 63% used [0x00000000df700000,0x00000000e0123b18,0x00000000e0700000)
  to   space 16384K, 0% used [0x00000000e2d00000,0x00000000e2d00000,0x00000000e3d00000)
 ParOldGen       total 69120K, used 35774K [0x0000000080000000, 0x0000000084380000, 0x00000000d5580000)
  object space 69120K, 51% used [0x0000000080000000,0x00000000822ef9e8,0x0000000084380000)
 Metaspace       used 56846K, capacity 59026K, committed 59160K, reserved 1099776K
  class space    used 7867K, capacity 8306K, committed 8320K, reserved 1048576K
}
Event: 31.685 GC heap before
{Heap before GC invocations=16 (full 3):
 PSYoungGen      total 181760K, used 10382K [0x00000000d5580000, 0x00000000e3d00000, 0x0000000100000000)
  eden space 165376K, 0% used [0x00000000d5580000,0x00000000d5580000,0x00000000df700000)
  from space 16384K, 63% used [0x00000000df700000,0x00000000e0123b18,0x00000000e0700000)
  to   space 16384K, 0% used [0x00000000e2d00000,0x00000000e2d00000,0x00000000e3d00000)
 ParOldGen       total 69120K, used 35774K [0x0000000080000000, 0x0000000084380000, 0x00000000d5580000)
  object space 69120K, 51% used [0x0000000080000000,0x00000000822ef9e8,0x0000000084380000)
 Metaspace       used 56846K, capacity 59026K, committed 59160K, reserved 1099776K
  class space    used 7867K, capacity 8306K, committed 8320K, reserved 1048576K
Event: 32.185 GC heap after
Heap after GC invocations=16 (full 3):
 PSYoungGen      total 181760K, used 0K [0x00000000d5580000, 0x00000000e3d00000, 0x0000000100000000)
  eden space 165376K, 0% used [0x00000000d5580000,0x00000000d5580000,0x00000000df700000)
  from space 16384K, 0% used [0x00000000df700000,0x00000000df700000,0x00000000e0700000)
  to   space 16384K, 0% used [0x00000000e2d00000,0x00000000e2d00000,0x00000000e3d00000)
 ParOldGen       total 111104K, used 34326K [0x0000000080000000, 0x0000000086c80000, 0x00000000d5580000)
  object space 111104K, 30% used [0x0000000080000000,0x0000000082185bd0,0x0000000086c80000)
 Metaspace       used 56846K, capacity 59026K, committed 59160K, reserved 1099776K
  class space    used 7867K, capacity 8306K, committed 8320K, reserved 1048576K
}
Event: 42.432 GC heap before
{Heap before GC invocations=17 (full 3):
 PSYoungGen      total 181760K, used 165376K [0x00000000d5580000, 0x00000000e3d00000, 0x0000000100000000)
  eden space 165376K, 100% used [0x00000000d5580000,0x00000000df700000,0x00000000df700000)
  from space 16384K, 0% used [0x00000000df700000,0x00000000df700000,0x00000000e0700000)
  to   space 16384K, 0% used [0x00000000e2d00000,0x00000000e2d00000,0x00000000e3d00000)
 ParOldGen       total 111104K, used 34326K [0x0000000080000000, 0x0000000086c80000, 0x00000000d5580000)
  object space 111104K, 30% used [0x0000000080000000,0x0000000082185bd0,0x0000000086c80000)
 Metaspace       used 69493K, capacity 72444K, committed 72576K, reserved 1112064K
  class space    used 9739K, capacity 10307K, committed 10368K, reserved 1048576K
Event: 42.539 GC heap after
Heap after GC invocations=17 (full 3):
 PSYoungGen      total 216064K, used 16365K [0x00000000d5580000, 0x00000000e3d80000, 0x0000000100000000)
  eden space 199680K, 0% used [0x00000000d5580000,0x00000000d5580000,0x00000000e1880000)
  from space 16384K, 99% used [0x00000000e2d00000,0x00000000e3cfb550,0x00000000e3d00000)
  to   space 18944K, 0% used [0x00000000e1880000,0x00000000e1880000,0x00000000e2b00000)
 ParOldGen       total 111104K, used 35363K [0x0000000080000000, 0x0000000086c80000, 0x00000000d5580000)
  object space 111104K, 31% used [0x0000000080000000,0x0000000082288d68,0x0000000086c80000)
 Metaspace       used 69493K, capacity 72444K, committed 72576K, reserved 1112064K
  class space    used 9739K, capacity 10307K, committed 10368K, reserved 1048576K
}
Event: 49.701 GC heap before
{Heap before GC invocations=18 (full 3):
 PSYoungGen      total 216064K, used 216045K [0x00000000d5580000, 0x00000000e3d80000, 0x0000000100000000)
  eden space 199680K, 100% used [0x00000000d5580000,0x00000000e1880000,0x00000000e1880000)
  from space 16384K, 99% used [0x00000000e2d00000,0x00000000e3cfb550,0x00000000e3d00000)
  to   space 18944K, 0% used [0x00000000e1880000,0x00000000e1880000,0x00000000e2b00000)
 ParOldGen       total 111104K, used 35363K [0x0000000080000000, 0x0000000086c80000, 0x00000000d5580000)
  object space 111104K, 31% used [0x0000000080000000,0x0000000082288d68,0x0000000086c80000)
 Metaspace       used 71313K, capacity 74368K, committed 74496K, reserved 1114112K
  class space    used 9894K, capacity 10479K, committed 10496K, reserved 1048576K
Event: 49.879 GC heap after
Heap after GC invocations=18 (full 3):
 PSYoungGen      total 218624K, used 18511K [0x00000000d5580000, 0x00000000e6e00000, 0x0000000100000000)
  eden space 199680K, 0% used [0x00000000d5580000,0x00000000d5580000,0x00000000e1880000)
  from space 18944K, 97% used [0x00000000e1880000,0x00000000e2a93cb0,0x00000000e2b00000)
  to   space 21504K, 0% used [0x00000000e5900000,0x00000000e5900000,0x00000000e6e00000)
 ParOldGen       total 111104K, used 44220K [0x0000000080000000, 0x0000000086c80000, 0x00000000d5580000)
  object space 111104K, 39% used [0x0000000080000000,0x0000000082b2f298,0x0000000086c80000)
 Metaspace       used 71313K, capacity 74368K, committed 74496K, reserved 1114112K
  class space    used 9894K, capacity 10479K, committed 10496K, reserved 1048576K
}

