# JRE version: OpenJDK Runtime Environment (8.0_302-b08) (build 1.8.0_302-b08)
# Java VM: OpenJDK 64-Bit Server VM (25.302-b08 mixed mode windows-amd64 compressed oops)
Heap:
 PSYoungGen      total 241152K, used 210401K [0x00000000d5580000, 0x00000000e9300000, 0x0000000100000000)
  eden space 226304K, 92% used [0x00000000d5580000,0x00000000e22f8610,0x00000000e3280000)
  from space 14848K, 0% used [0x00000000e3280000,0x00000000e3280000,0x00000000e4100000)
  to   space 22016K, 0% used [0x00000000e7d80000,0x00000000e7d80000,0x00000000e9300000)
 ParOldGen       total 70656K, used 41549K [0x0000000080000000, 0x0000000084500000, 0x00000000d5580000)
  object space 70656K, 58% used [0x0000000080000000,0x0000000082893590,0x0000000084500000)
 Metaspace       used 72082K, capacity 74916K, committed 75008K, reserved 1114112K
  class space    used 9901K, capacity 10439K, committed 10496K, reserved 1048576K
GC Heap History (10 events):
Event: 18.264 GC heap before
{Heap before GC invocations=10 (full 1):
 PSYoungGen      total 172032K, used 87829K [0x00000000d5580000, 0x00000000e2580000, 0x0000000100000000)
  eden space 162304K, 48% used [0x00000000d5580000,0x00000000da1c68c8,0x00000000df400000)
  from space 9728K, 99% used [0x00000000e1c00000,0x00000000e257ebd8,0x00000000e2580000)
  to   space 11264K, 0% used [0x00000000e0f80000,0x00000000e0f80000,0x00000000e1a80000)
 ParOldGen       total 44032K, used 8652K [0x0000000080000000, 0x0000000082b00000, 0x00000000d5580000)
  object space 44032K, 19% used [0x0000000080000000,0x0000000080873218,0x0000000082b00000)
 Metaspace       used 34133K, capacity 35396K, committed 35416K, reserved 1079296K
  class space    used 4796K, capacity 5106K, committed 5120K, reserved 1048576K
Event: 18.330 GC heap after
Heap after GC invocations=10 (full 1):
 PSYoungGen      total 201728K, used 10478K [0x00000000d5580000, 0x00000000e4d80000, 0x0000000100000000)
  eden space 190464K, 0% used [0x00000000d5580000,0x00000000d5580000,0x00000000e0f80000)
  from space 11264K, 93% used [0x00000000e0f80000,0x00000000e19bb898,0x00000000e1a80000)
  to   space 12800K, 0% used [0x00000000e4100000,0x00000000e4100000,0x00000000e4d80000)
 ParOldGen       total 44032K, used 8660K [0x0000000080000000, 0x0000000082b00000, 0x00000000d5580000)
  object space 44032K, 19% used [0x0000000080000000,0x0000000080875218,0x0000000082b00000)
 Metaspace       used 34133K, capacity 35396K, committed 35416K, reserved 1079296K
  class space    used 4796K, capacity 5106K, committed 5120K, reserved 1048576K
}
Event: 18.330 GC heap before
{Heap before GC invocations=11 (full 2):
 PSYoungGen      total 201728K, used 10478K [0x00000000d5580000, 0x00000000e4d80000, 0x0000000100000000)
  eden space 190464K, 0% used [0x00000000d5580000,0x00000000d5580000,0x00000000e0f80000)
  from space 11264K, 93% used [0x00000000e0f80000,0x00000000e19bb898,0x00000000e1a80000)
  to   space 12800K, 0% used [0x00000000e4100000,0x00000000e4100000,0x00000000e4d80000)
 ParOldGen       total 44032K, used 8660K [0x0000000080000000, 0x0000000082b00000, 0x00000000d5580000)
  object space 44032K, 19% used [0x0000000080000000,0x0000000080875218,0x0000000082b00000)
 Metaspace       used 34133K, capacity 35396K, committed 35416K, reserved 1079296K
  class space    used 4796K, capacity 5106K, committed 5120K, reserved 1048576K
Event: 18.653 GC heap after
Heap after GC invocations=11 (full 2):
 PSYoungGen      total 201728K, used 0K [0x00000000d5580000, 0x00000000e4d80000, 0x0000000100000000)
  eden space 190464K, 0% used [0x00000000d5580000,0x00000000d5580000,0x00000000e0f80000)
  from space 11264K, 0% used [0x00000000e0f80000,0x00000000e0f80000,0x00000000e1a80000)
  to   space 12800K, 0% used [0x00000000e4100000,0x00000000e4100000,0x00000000e4d80000)
 ParOldGen       total 70656K, used 17209K [0x0000000080000000, 0x0000000084500000, 0x00000000d5580000)
  object space 70656K, 24% used [0x0000000080000000,0x00000000810ce5f0,0x0000000084500000)
 Metaspace       used 34133K, capacity 35396K, committed 35416K, reserved 1079296K
  class space    used 4796K, capacity 5106K, committed 5120K, reserved 1048576K
}
Event: 25.506 GC heap before
{Heap before GC invocations=12 (full 2):
 PSYoungGen      total 201728K, used 190464K [0x00000000d5580000, 0x00000000e4d80000, 0x0000000100000000)
  eden space 190464K, 100% used [0x00000000d5580000,0x00000000e0f80000,0x00000000e0f80000)
  from space 11264K, 0% used [0x00000000e0f80000,0x00000000e0f80000,0x00000000e1a80000)
  to   space 12800K, 0% used [0x00000000e4100000,0x00000000e4100000,0x00000000e4d80000)
 ParOldGen       total 70656K, used 17209K [0x0000000080000000, 0x0000000084500000, 0x00000000d5580000)
  object space 70656K, 24% used [0x0000000080000000,0x00000000810ce5f0,0x0000000084500000)
 Metaspace       used 42659K, capacity 44708K, committed 45056K, reserved 1087488K
  class space    used 5899K, capacity 6287K, committed 6400K, reserved 1048576K
Event: 25.599 GC heap after
Heap after GC invocations=12 (full 2):
 PSYoungGen      total 239104K, used 12772K [0x00000000d5580000, 0x00000000e5c00000, 0x0000000100000000)
  eden space 226304K, 0% used [0x00000000d5580000,0x00000000d5580000,0x00000000e3280000)
  from space 12800K, 99% used [0x00000000e4100000,0x00000000e4d79178,0x00000000e4d80000)
  to   space 14848K, 0% used [0x00000000e3280000,0x00000000e3280000,0x00000000e4100000)
 ParOldGen       total 70656K, used 19011K [0x0000000080000000, 0x0000000084500000, 0x00000000d5580000)
  object space 70656K, 26% used [0x0000000080000000,0x0000000081290f58,0x0000000084500000)
 Metaspace       used 42659K, capacity 44708K, committed 45056K, reserved 1087488K
  class space    used 5899K, capacity 6287K, committed 6400K, reserved 1048576K
}
Event: 32.455 GC heap before
{Heap before GC invocations=13 (full 2):
 PSYoungGen      total 239104K, used 199870K [0x00000000d5580000, 0x00000000e5c00000, 0x0000000100000000)
  eden space 226304K, 82% used [0x00000000d5580000,0x00000000e0c36988,0x00000000e3280000)
  from space 12800K, 99% used [0x00000000e4100000,0x00000000e4d79178,0x00000000e4d80000)
  to   space 14848K, 0% used [0x00000000e3280000,0x00000000e3280000,0x00000000e4100000)
 ParOldGen       total 70656K, used 19011K [0x0000000080000000, 0x0000000084500000, 0x00000000d5580000)
  object space 70656K, 26% used [0x0000000080000000,0x0000000081290f58,0x0000000084500000)
 Metaspace       used 56606K, capacity 59006K, committed 59028K, reserved 1099776K
  class space    used 7713K, capacity 8185K, committed 8192K, reserved 1048576K
Event: 32.546 GC heap after
Heap after GC invocations=13 (full 2):
 PSYoungGen      total 241152K, used 14847K [0x00000000d5580000, 0x00000000e9300000, 0x0000000100000000)
  eden space 226304K, 0% used [0x00000000d5580000,0x00000000d5580000,0x00000000e3280000)
  from space 14848K, 99% used [0x00000000e3280000,0x00000000e40ffd20,0x00000000e4100000)
  to   space 22016K, 0% used [0x00000000e7d80000,0x00000000e7d80000,0x00000000e9300000)
 ParOldGen       total 70656K, used 32572K [0x0000000080000000, 0x0000000084500000, 0x00000000d5580000)
  object space 70656K, 46% used [0x0000000080000000,0x0000000081fcf390,0x0000000084500000)
 Metaspace       used 56606K, capacity 59006K, committed 59028K, reserved 1099776K
  class space    used 7713K, capacity 8185K, committed 8192K, reserved 1048576K
}
Event: 32.546 GC heap before
{Heap before GC invocations=14 (full 3):
 PSYoungGen      total 241152K, used 14847K [0x00000000d5580000, 0x00000000e9300000, 0x0000000100000000)
  eden space 226304K, 0% used [0x00000000d5580000,0x00000000d5580000,0x00000000e3280000)
  from space 14848K, 99% used [0x00000000e3280000,0x00000000e40ffd20,0x00000000e4100000)
  to   space 22016K, 0% used [0x00000000e7d80000,0x00000000e7d80000,0x00000000e9300000)
 ParOldGen       total 70656K, used 32572K [0x0000000080000000, 0x0000000084500000, 0x00000000d5580000)
  object space 70656K, 46% used [0x0000000080000000,0x0000000081fcf390,0x0000000084500000)
 Metaspace       used 56606K, capacity 59006K, committed 59028K, reserved 1099776K
  class space    used 7713K, capacity 8185K, committed 8192K, reserved 1048576K
Event: 33.081 GC heap after
Heap after GC invocations=14 (full 3):
 PSYoungGen      total 241152K, used 0K [0x00000000d5580000, 0x00000000e9300000, 0x0000000100000000)
  eden space 226304K, 0% used [0x00000000d5580000,0x00000000d5580000,0x00000000e3280000)
  from space 14848K, 0% used [0x00000000e3280000,0x00000000e3280000,0x00000000e4100000)
  to   space 22016K, 0% used [0x00000000e7d80000,0x00000000e7d80000,0x00000000e9300000)
 ParOldGen       total 70656K, used 41549K [0x0000000080000000, 0x0000000084500000, 0x00000000d5580000)
  object space 70656K, 58% used [0x0000000080000000,0x0000000082893590,0x0000000084500000)
 Metaspace       used 56606K, capacity 59006K, committed 59028K, reserved 1099776K
  class space    used 7713K, capacity 8185K, committed 8192K, reserved 1048576K
}

