# JRE version: OpenJDK Runtime Environment (8.0_302-b08) (build 1.8.0_302-b08)
# Java VM: OpenJDK 64-Bit Server VM (25.302-b08 mixed mode windows-amd64 compressed oops)
Heap:
 PSYoungGen      total 254976K, used 25032K [0x00000000d5580000, 0x00000000e6800000, 0x0000000100000000)
  eden space 237056K, 10% used [0x00000000d5580000,0x00000000d6df21a0,0x00000000e3d00000)
  from space 17920K, 0% used [0x00000000e5680000,0x00000000e5680000,0x00000000e6800000)
  to   space 22016K, 0% used [0x00000000e3d00000,0x00000000e3d00000,0x00000000e5280000)
 ParOldGen       total 125440K, used 34065K [0x0000000080000000, 0x0000000087a80000, 0x00000000d5580000)
  object space 125440K, 27% used [0x0000000080000000,0x00000000821445b0,0x0000000087a80000)
 Metaspace       used 60378K, capacity 62860K, committed 62976K, reserved 1103872K
  class space    used 8420K, capacity 8912K, committed 8960K, reserved 1048576K
GC Heap History (10 events):
Event: 24.638 GC heap before
{Heap before GC invocations=12 (full 2):
 PSYoungGen      total 201728K, used 190464K [0x00000000d5580000, 0x00000000e3000000, 0x0000000100000000)
  eden space 190464K, 100% used [0x00000000d5580000,0x00000000e0f80000,0x00000000e0f80000)
  from space 11264K, 0% used [0x00000000e0f80000,0x00000000e0f80000,0x00000000e1a80000)
  to   space 12288K, 0% used [0x00000000e2400000,0x00000000e2400000,0x00000000e3000000)
 ParOldGen       total 75776K, used 17090K [0x0000000080000000, 0x0000000084a00000, 0x00000000d5580000)
  object space 75776K, 22% used [0x0000000080000000,0x00000000810b08d8,0x0000000084a00000)
 Metaspace       used 42733K, capacity 44796K, committed 45056K, reserved 1087488K
  class space    used 5931K, capacity 6319K, committed 6400K, reserved 1048576K
Event: 24.710 GC heap after
Heap after GC invocations=12 (full 2):
 PSYoungGen      total 208896K, used 12265K [0x00000000d5580000, 0x00000000e5980000, 0x0000000100000000)
  eden space 196608K, 0% used [0x00000000d5580000,0x00000000d5580000,0x00000000e1580000)
  from space 12288K, 99% used [0x00000000e2400000,0x00000000e2ffa738,0x00000000e3000000)
  to   space 14848K, 0% used [0x00000000e1580000,0x00000000e1580000,0x00000000e2400000)
 ParOldGen       total 75776K, used 19667K [0x0000000080000000, 0x0000000084a00000, 0x00000000d5580000)
  object space 75776K, 25% used [0x0000000080000000,0x0000000081334d50,0x0000000084a00000)
 Metaspace       used 42733K, capacity 44796K, committed 45056K, reserved 1087488K
  class space    used 5931K, capacity 6319K, committed 6400K, reserved 1048576K
}
Event: 31.775 GC heap before
{Heap before GC invocations=13 (full 2):
 PSYoungGen      total 208896K, used 192976K [0x00000000d5580000, 0x00000000e5980000, 0x0000000100000000)
  eden space 196608K, 91% used [0x00000000d5580000,0x00000000e05f98d8,0x00000000e1580000)
  from space 12288K, 99% used [0x00000000e2400000,0x00000000e2ffa738,0x00000000e3000000)
  to   space 14848K, 0% used [0x00000000e1580000,0x00000000e1580000,0x00000000e2400000)
 ParOldGen       total 75776K, used 19667K [0x0000000080000000, 0x0000000084a00000, 0x00000000d5580000)
  object space 75776K, 25% used [0x0000000080000000,0x0000000081334d50,0x0000000084a00000)
 Metaspace       used 56560K, capacity 58998K, committed 59028K, reserved 1099776K
  class space    used 7724K, capacity 8185K, committed 8192K, reserved 1048576K
Event: 31.868 GC heap after
Heap after GC invocations=13 (full 2):
 PSYoungGen      total 211456K, used 14824K [0x00000000d5580000, 0x00000000e6c00000, 0x0000000100000000)
  eden space 196608K, 0% used [0x00000000d5580000,0x00000000d5580000,0x00000000e1580000)
  from space 14848K, 99% used [0x00000000e1580000,0x00000000e23fa070,0x00000000e2400000)
  to   space 22016K, 0% used [0x00000000e5680000,0x00000000e5680000,0x00000000e6c00000)
 ParOldGen       total 75776K, used 32873K [0x0000000080000000, 0x0000000084a00000, 0x00000000d5580000)
  object space 75776K, 43% used [0x0000000080000000,0x000000008201a600,0x0000000084a00000)
 Metaspace       used 56560K, capacity 58998K, committed 59028K, reserved 1099776K
  class space    used 7724K, capacity 8185K, committed 8192K, reserved 1048576K
}
Event: 31.868 GC heap before
{Heap before GC invocations=14 (full 3):
 PSYoungGen      total 211456K, used 14824K [0x00000000d5580000, 0x00000000e6c00000, 0x0000000100000000)
  eden space 196608K, 0% used [0x00000000d5580000,0x00000000d5580000,0x00000000e1580000)
  from space 14848K, 99% used [0x00000000e1580000,0x00000000e23fa070,0x00000000e2400000)
  to   space 22016K, 0% used [0x00000000e5680000,0x00000000e5680000,0x00000000e6c00000)
 ParOldGen       total 75776K, used 32873K [0x0000000080000000, 0x0000000084a00000, 0x00000000d5580000)
  object space 75776K, 43% used [0x0000000080000000,0x000000008201a600,0x0000000084a00000)
 Metaspace       used 56560K, capacity 58998K, committed 59028K, reserved 1099776K
  class space    used 7724K, capacity 8185K, committed 8192K, reserved 1048576K
Event: 32.415 GC heap after
Heap after GC invocations=14 (full 3):
 PSYoungGen      total 211456K, used 0K [0x00000000d5580000, 0x00000000e6c00000, 0x0000000100000000)
  eden space 196608K, 0% used [0x00000000d5580000,0x00000000d5580000,0x00000000e1580000)
  from space 14848K, 0% used [0x00000000e1580000,0x00000000e1580000,0x00000000e2400000)
  to   space 22016K, 0% used [0x00000000e5680000,0x00000000e5680000,0x00000000e6c00000)
 ParOldGen       total 125440K, used 41009K [0x0000000080000000, 0x0000000087a80000, 0x00000000d5580000)
  object space 125440K, 32% used [0x0000000080000000,0x000000008280c450,0x0000000087a80000)
 Metaspace       used 56552K, capacity 58974K, committed 59028K, reserved 1099776K
  class space    used 7722K, capacity 8181K, committed 8192K, reserved 1048576K
}
Event: 33.245 GC heap before
{Heap before GC invocations=15 (full 3):
 PSYoungGen      total 211456K, used 17606K [0x00000000d5580000, 0x00000000e6c00000, 0x0000000100000000)
  eden space 196608K, 8% used [0x00000000d5580000,0x00000000d66b19c8,0x00000000e1580000)
  from space 14848K, 0% used [0x00000000e1580000,0x00000000e1580000,0x00000000e2400000)
  to   space 22016K, 0% used [0x00000000e5680000,0x00000000e5680000,0x00000000e6c00000)
 ParOldGen       total 125440K, used 41009K [0x0000000080000000, 0x0000000087a80000, 0x00000000d5580000)
  object space 125440K, 32% used [0x0000000080000000,0x000000008280c450,0x0000000087a80000)
 Metaspace       used 58258K, capacity 60660K, committed 60800K, reserved 1105920K
  class space    used 8063K, capacity 8508K, committed 8576K, reserved 1048576K
Event: 33.264 GC heap after
Heap after GC invocations=15 (full 3):
 PSYoungGen      total 254976K, used 2650K [0x00000000d5580000, 0x00000000e6800000, 0x0000000100000000)
  eden space 237056K, 0% used [0x00000000d5580000,0x00000000d5580000,0x00000000e3d00000)
  from space 17920K, 14% used [0x00000000e5680000,0x00000000e5916a50,0x00000000e6800000)
  to   space 22016K, 0% used [0x00000000e3d00000,0x00000000e3d00000,0x00000000e5280000)
 ParOldGen       total 125440K, used 41017K [0x0000000080000000, 0x0000000087a80000, 0x00000000d5580000)
  object space 125440K, 32% used [0x0000000080000000,0x000000008280e450,0x0000000087a80000)
 Metaspace       used 58258K, capacity 60660K, committed 60800K, reserved 1105920K
  class space    used 8063K, capacity 8508K, committed 8576K, reserved 1048576K
}
Event: 33.264 GC heap before
{Heap before GC invocations=16 (full 4):
 PSYoungGen      total 254976K, used 2650K [0x00000000d5580000, 0x00000000e6800000, 0x0000000100000000)
  eden space 237056K, 0% used [0x00000000d5580000,0x00000000d5580000,0x00000000e3d00000)
  from space 17920K, 14% used [0x00000000e5680000,0x00000000e5916a50,0x00000000e6800000)
  to   space 22016K, 0% used [0x00000000e3d00000,0x00000000e3d00000,0x00000000e5280000)
 ParOldGen       total 125440K, used 41017K [0x0000000080000000, 0x0000000087a80000, 0x00000000d5580000)
  object space 125440K, 32% used [0x0000000080000000,0x000000008280e450,0x0000000087a80000)
 Metaspace       used 58258K, capacity 60660K, committed 60800K, reserved 1105920K
  class space    used 8063K, capacity 8508K, committed 8576K, reserved 1048576K
Event: 33.543 GC heap after
Heap after GC invocations=16 (full 4):
 PSYoungGen      total 254976K, used 0K [0x00000000d5580000, 0x00000000e6800000, 0x0000000100000000)
  eden space 237056K, 0% used [0x00000000d5580000,0x00000000d5580000,0x00000000e3d00000)
  from space 17920K, 0% used [0x00000000e5680000,0x00000000e5680000,0x00000000e6800000)
  to   space 22016K, 0% used [0x00000000e3d00000,0x00000000e3d00000,0x00000000e5280000)
 ParOldGen       total 125440K, used 34065K [0x0000000080000000, 0x0000000087a80000, 0x00000000d5580000)
  object space 125440K, 27% used [0x0000000080000000,0x00000000821445b0,0x0000000087a80000)
 Metaspace       used 58258K, capacity 60660K, committed 60800K, reserved 1103872K
  class space    used 8063K, capacity 8508K, committed 8576K, reserved 1048576K
}

